<?xml version="1.0" encoding="UTF-8"?>
<testsuites name="Mtool_Sanity_Multi_Array_No_QOS" tests="57" time="0.022">
  <testsuite name="login" id="88cf88f7-33a4-4d5d-b896-ea1ab510dd79" timestamp="2022-08-22T19:10:05.970Z" tests="0" failures="0" errors="2" time="0.000">
    <system-err><![CDATA[Iteration: 0
RequestError: Error: connect ECONNREFUSED 127.0.0.1:5000
    at TCPConnectWrap.afterConnect [as oncomplete] (net.js:1148:16)

---
testScriptError: Unexpected token u in JSON at position 0
---
]]></system-err>
  </testsuite>
  <testsuite name="Stop ibofos" id="0a2aae85-35fd-4e85-ac9e-efc7859293fc" timestamp="2022-08-22T19:10:05.970Z" tests="0" failures="0" errors="2" time="0.000">
    <system-err><![CDATA[Iteration: 0
RequestError: Error: connect ECONNREFUSED 127.0.0.1:5000
    at TCPConnectWrap.afterConnect [as oncomplete] (net.js:1148:16)

---
testScriptError: Unexpected token u in JSON at position 0
---
]]></system-err>
  </testsuite>
  <testsuite name="Start ibofos" id="f0593e74-13fe-49bd-b0d8-f195ac8f74e4" timestamp="2022-08-22T19:10:05.970Z" tests="0" failures="0" errors="2" time="0.000">
    <system-err><![CDATA[Iteration: 0
RequestError: Error: connect ECONNREFUSED 127.0.0.1:5000
    at TCPConnectWrap.afterConnect [as oncomplete] (net.js:1148:16)

---
testScriptError: Unexpected token u in JSON at position 0
---
]]></system-err>
  </testsuite>
  <testsuite name="IsPOS-Running" id="433da0cc-374a-436d-aca2-7c13c8fe0ca3" timestamp="2022-08-22T19:10:05.970Z" tests="1" failures="1" errors="2" time="0.000">
    <system-err><![CDATA[Iteration: 0
RequestError: Error: connect ECONNREFUSED 127.0.0.1:5000
    at TCPConnectWrap.afterConnect [as oncomplete] (net.js:1148:16)

---
testScriptError: Unexpected token u in JSON at position 0
---
]]></system-err>
    <testcase name="POS is Running..." time="0.000" classname="MtoolSanityMultiArrayNoQos">
      <failure type="AssertionFailure" message="expected { Object (id, _details, ...) } to have property 'code'">
        <![CDATA[Failed 1 times.]]>
        <![CDATA[Collection JSON ID: c9e8fad1-b7d4-4b74-b8e8-197358737909.]]>
        <![CDATA[Collection name: Mtool_Sanity_Multi_Array_No_QOS.]]>
        <![CDATA[Request name: IsPOS-Running.]]>
        <![CDATA[Test description: POS is Running....]]>
        <![CDATA[Error message: expected { Object (id, _details, ...) } to have property 'code'.]]>
        <![CDATA[Stacktrace: AssertionError: expected { Object (id, _details, ...) } to have property 'code'
   at Object.eval sandbox-script.js:1:4).]]>
      </failure>
    </testcase>
  </testsuite>
  <testsuite name="Create URAM device" id="6fdf43fb-9caf-4e9e-9b71-a0857c6885b4" timestamp="2022-08-22T19:10:05.970Z" tests="1" failures="1" errors="1" time="0.000">
    <system-err><![CDATA[Iteration: 0
RequestError: Error: connect ECONNREFUSED 127.0.0.1:5000
    at TCPConnectWrap.afterConnect [as oncomplete] (net.js:1148:16)

---
]]></system-err>
    <testcase name="User updated " time="0.000" classname="MtoolSanityMultiArrayNoQos">
      <failure type="AssertionFailure" message="expected { Object (id, _details, ...) } to have property 'code'">
        <![CDATA[Failed 1 times.]]>
        <![CDATA[Collection JSON ID: c9e8fad1-b7d4-4b74-b8e8-197358737909.]]>
        <![CDATA[Collection name: Mtool_Sanity_Multi_Array_No_QOS.]]>
        <![CDATA[Request name: Create URAM device.]]>
        <![CDATA[Test description: User updated .]]>
        <![CDATA[Error message: expected { Object (id, _details, ...) } to have property 'code'.]]>
        <![CDATA[Stacktrace: AssertionError: expected { Object (id, _details, ...) } to have property 'code'
   at Object.eval sandbox-script.js:1:5).]]>
      </failure>
    </testcase>
  </testsuite>
  <testsuite name="Get devices" id="ebcad826-eba3-4f40-b484-528924f17869" timestamp="2022-08-22T19:10:05.970Z" tests="0" failures="0" errors="2" time="0.000">
    <system-err><![CDATA[Iteration: 0
RequestError: Error: connect ECONNREFUSED 127.0.0.1:5000
    at TCPConnectWrap.afterConnect [as oncomplete] (net.js:1148:16)

---
testScriptError: Unexpected token u in JSON at position 0
---
]]></system-err>
  </testsuite>
  <testsuite name="unmount 1st array" id="75f0e6e7-e50d-49d9-887a-e6cb55c79ebf" timestamp="2022-08-22T19:10:05.970Z" tests="0" failures="0" errors="1" time="0.000">
    <system-err><![CDATA[Iteration: 0
RequestError: Error: connect ECONNREFUSED 127.0.0.1:5000
    at TCPConnectWrap.afterConnect [as oncomplete] (net.js:1148:16)

---
]]></system-err>
  </testsuite>
  <testsuite name="unmount 2nd array" id="5b937204-97f5-4a09-a718-a16fd58b7b8c" timestamp="2022-08-22T19:10:05.970Z" tests="0" failures="0" errors="1" time="0.000">
    <system-err><![CDATA[Iteration: 0
RequestError: Error: connect ECONNREFUSED 127.0.0.1:5000
    at TCPConnectWrap.afterConnect [as oncomplete] (net.js:1148:16)

---
]]></system-err>
  </testsuite>
  <testsuite name="ARRAY RESET" id="11afa84f-8552-4499-a5bc-27e3fc59cf96" timestamp="2022-08-22T19:10:05.970Z" tests="1" failures="1" errors="0" time="0.022">
    <testcase name="LIST ARRAY DEVICE" time="0.022" classname="MtoolSanityMultiArrayNoQos">
      <failure type="AssertionFailure" message="expected response to have status code 200 but got 400">
        <![CDATA[Failed 1 times.]]>
        <![CDATA[Collection JSON ID: c9e8fad1-b7d4-4b74-b8e8-197358737909.]]>
        <![CDATA[Collection name: Mtool_Sanity_Multi_Array_No_QOS.]]>
        <![CDATA[Request name: ARRAY RESET.]]>
        <![CDATA[Test description: LIST ARRAY DEVICE.]]>
        <![CDATA[Error message: expected response to have status code 200 but got 400.]]>
        <![CDATA[Stacktrace: AssertionError: expected response to have status code 200 but got 400
   at Object.eval sandbox-script.js:1:9).]]>
      </failure>
    </testcase>
  </testsuite>
  <testsuite name="Delete 1st Array" id="768db627-ec6f-49f8-95fc-556579e9d65a" timestamp="2022-08-22T19:10:05.970Z" tests="1" failures="1" errors="2" time="0.000">
    <system-err><![CDATA[Iteration: 0
RequestError: Error: connect ECONNREFUSED 127.0.0.1:5000
    at TCPConnectWrap.afterConnect [as oncomplete] (net.js:1148:16)

---
testScriptError: Unexpected token u in JSON at position 0
---
]]></system-err>
    <testcase name="Response code " time="0.000" classname="MtoolSanityMultiArrayNoQos">
      <failure type="AssertionFailure" message="expected { Object (id, _details, ...) } to have property 'code'">
        <![CDATA[Failed 1 times.]]>
        <![CDATA[Collection JSON ID: c9e8fad1-b7d4-4b74-b8e8-197358737909.]]>
        <![CDATA[Collection name: Mtool_Sanity_Multi_Array_No_QOS.]]>
        <![CDATA[Request name: Delete 1st Array.]]>
        <![CDATA[Test description: Response code .]]>
        <![CDATA[Error message: expected { Object (id, _details, ...) } to have property 'code'.]]>
        <![CDATA[Stacktrace: AssertionError: expected { Object (id, _details, ...) } to have property 'code'
   at Object.eval sandbox-script.js:1:10).]]>
      </failure>
    </testcase>
  </testsuite>
  <testsuite name="Delete 2nd Array" id="64e1090a-ab2a-445b-ac16-853689f0592e" timestamp="2022-08-22T19:10:05.970Z" tests="1" failures="1" errors="2" time="0.000">
    <system-err><![CDATA[Iteration: 0
RequestError: Error: connect ECONNREFUSED 127.0.0.1:5000
    at TCPConnectWrap.afterConnect [as oncomplete] (net.js:1148:16)

---
testScriptError: Unexpected token u in JSON at position 0
---
]]></system-err>
    <testcase name="Response code " time="0.000" classname="MtoolSanityMultiArrayNoQos">
      <failure type="AssertionFailure" message="expected { Object (id, _details, ...) } to have property 'code'">
        <![CDATA[Failed 1 times.]]>
        <![CDATA[Collection JSON ID: c9e8fad1-b7d4-4b74-b8e8-197358737909.]]>
        <![CDATA[Collection name: Mtool_Sanity_Multi_Array_No_QOS.]]>
        <![CDATA[Request name: Delete 2nd Array.]]>
        <![CDATA[Test description: Response code .]]>
        <![CDATA[Error message: expected { Object (id, _details, ...) } to have property 'code'.]]>
        <![CDATA[Stacktrace: AssertionError: expected { Object (id, _details, ...) } to have property 'code'
   at Object.eval sandbox-script.js:1:11).]]>
      </failure>
    </testcase>
  </testsuite>
  <testsuite name="Auto Create Array" id="90116bc9-7dc0-48a3-b789-2c7df46a6a55" timestamp="2022-08-22T19:10:05.970Z" tests="0" failures="0" errors="2" time="0.000">
    <system-err><![CDATA[Iteration: 0
RequestError: Error: connect ECONNREFUSED 127.0.0.1:5000
    at TCPConnectWrap.afterConnect [as oncomplete] (net.js:1148:16)

---
testScriptError: Unexpected token u in JSON at position 0
---
]]></system-err>
  </testsuite>
  <testsuite name="Create 1st Array" id="4fc395f6-faa8-450f-9cd7-6d9b75f52100" timestamp="2022-08-22T19:10:05.970Z" tests="0" failures="0" errors="2" time="0.000">
    <system-err><![CDATA[Iteration: 0
RequestError: Error: connect ECONNREFUSED 127.0.0.1:5000
    at TCPConnectWrap.afterConnect [as oncomplete] (net.js:1148:16)

---
testScriptError: Unexpected token u in JSON at position 0
---
]]></system-err>
  </testsuite>
  <testsuite name="Create 2nd Array" id="bdd8620c-360e-4959-8843-fae8dd367b25" timestamp="2022-08-22T19:10:05.970Z" tests="0" failures="0" errors="2" time="0.000">
    <system-err><![CDATA[Iteration: 0
RequestError: Error: connect ECONNREFUSED 127.0.0.1:5000
    at TCPConnectWrap.afterConnect [as oncomplete] (net.js:1148:16)

---
testScriptError: Unexpected token u in JSON at position 0
---
]]></system-err>
  </testsuite>
  <testsuite name="Create Transport" id="c0767c80-e98b-475a-bc69-4aff0d3996bb" timestamp="2022-08-22T19:10:05.970Z" tests="1" failures="1" errors="1" time="0.000">
    <system-err><![CDATA[Iteration: 0
RequestError: Error: connect ECONNREFUSED 127.0.0.1:5000
    at TCPConnectWrap.afterConnect [as oncomplete] (net.js:1148:16)

---
]]></system-err>
    <testcase name="User updated " time="0.000" classname="MtoolSanityMultiArrayNoQos">
      <failure type="AssertionFailure" message="expected { Object (id, _details, ...) } to have property 'code'">
        <![CDATA[Failed 1 times.]]>
        <![CDATA[Collection JSON ID: c9e8fad1-b7d4-4b74-b8e8-197358737909.]]>
        <![CDATA[Collection name: Mtool_Sanity_Multi_Array_No_QOS.]]>
        <![CDATA[Request name: Create Transport.]]>
        <![CDATA[Test description: User updated .]]>
        <![CDATA[Error message: expected { Object (id, _details, ...) } to have property 'code'.]]>
        <![CDATA[Stacktrace: AssertionError: expected { Object (id, _details, ...) } to have property 'code'
   at Object.eval sandbox-script.js:1:15).]]>
      </failure>
    </testcase>
  </testsuite>
  <testsuite name="Create Subsystem1" id="76e315d7-1a96-4424-ab66-4350c7a2c0cd" timestamp="2022-08-22T19:10:05.970Z" tests="1" failures="1" errors="1" time="0.000">
    <system-err><![CDATA[Iteration: 0
RequestError: Error: connect ECONNREFUSED 127.0.0.1:5000
    at TCPConnectWrap.afterConnect [as oncomplete] (net.js:1148:16)

---
]]></system-err>
    <testcase name="User updated " time="0.000" classname="MtoolSanityMultiArrayNoQos">
      <failure type="AssertionFailure" message="expected { Object (id, _details, ...) } to have property 'code'">
        <![CDATA[Failed 1 times.]]>
        <![CDATA[Collection JSON ID: c9e8fad1-b7d4-4b74-b8e8-197358737909.]]>
        <![CDATA[Collection name: Mtool_Sanity_Multi_Array_No_QOS.]]>
        <![CDATA[Request name: Create Subsystem1.]]>
        <![CDATA[Test description: User updated .]]>
        <![CDATA[Error message: expected { Object (id, _details, ...) } to have property 'code'.]]>
        <![CDATA[Stacktrace: AssertionError: expected { Object (id, _details, ...) } to have property 'code'
   at Object.eval sandbox-script.js:1:16).]]>
      </failure>
    </testcase>
  </testsuite>
  <testsuite name="Create Subsystem2" id="93cea5cb-508b-4d4d-9e16-6c986ade44e6" timestamp="2022-08-22T19:10:05.970Z" tests="1" failures="1" errors="1" time="0.000">
    <system-err><![CDATA[Iteration: 0
RequestError: Error: connect ECONNREFUSED 127.0.0.1:5000
    at TCPConnectWrap.afterConnect [as oncomplete] (net.js:1148:16)

---
]]></system-err>
    <testcase name="User updated " time="0.000" classname="MtoolSanityMultiArrayNoQos">
      <failure type="AssertionFailure" message="expected { Object (id, _details, ...) } to have property 'code'">
        <![CDATA[Failed 1 times.]]>
        <![CDATA[Collection JSON ID: c9e8fad1-b7d4-4b74-b8e8-197358737909.]]>
        <![CDATA[Collection name: Mtool_Sanity_Multi_Array_No_QOS.]]>
        <![CDATA[Request name: Create Subsystem2.]]>
        <![CDATA[Test description: User updated .]]>
        <![CDATA[Error message: expected { Object (id, _details, ...) } to have property 'code'.]]>
        <![CDATA[Stacktrace: AssertionError: expected { Object (id, _details, ...) } to have property 'code'
   at Object.eval sandbox-script.js:1:17).]]>
      </failure>
    </testcase>
  </testsuite>
  <testsuite name="Add listener1" id="f5aac664-6cf3-4a69-bd1c-c725f7d32184" timestamp="2022-08-22T19:10:05.970Z" tests="1" failures="1" errors="1" time="0.000">
    <system-err><![CDATA[Iteration: 0
RequestError: Error: connect ECONNREFUSED 127.0.0.1:5000
    at TCPConnectWrap.afterConnect [as oncomplete] (net.js:1148:16)

---
]]></system-err>
    <testcase name="User updated " time="0.000" classname="MtoolSanityMultiArrayNoQos">
      <failure type="AssertionFailure" message="expected { Object (id, _details, ...) } to have property 'code'">
        <![CDATA[Failed 1 times.]]>
        <![CDATA[Collection JSON ID: c9e8fad1-b7d4-4b74-b8e8-197358737909.]]>
        <![CDATA[Collection name: Mtool_Sanity_Multi_Array_No_QOS.]]>
        <![CDATA[Request name: Add listener1.]]>
        <![CDATA[Test description: User updated .]]>
        <![CDATA[Error message: expected { Object (id, _details, ...) } to have property 'code'.]]>
        <![CDATA[Stacktrace: AssertionError: expected { Object (id, _details, ...) } to have property 'code'
   at Object.eval sandbox-script.js:1:18).]]>
      </failure>
    </testcase>
  </testsuite>
  <testsuite name="Add listener2" id="bb28ae6d-79da-4f54-ab26-3c7c528c2e74" timestamp="2022-08-22T19:10:05.970Z" tests="1" failures="1" errors="1" time="0.000">
    <system-err><![CDATA[Iteration: 0
RequestError: Error: connect ECONNREFUSED 127.0.0.1:5000
    at TCPConnectWrap.afterConnect [as oncomplete] (net.js:1148:16)

---
]]></system-err>
    <testcase name="User updated " time="0.000" classname="MtoolSanityMultiArrayNoQos">
      <failure type="AssertionFailure" message="expected { Object (id, _details, ...) } to have property 'code'">
        <![CDATA[Failed 1 times.]]>
        <![CDATA[Collection JSON ID: c9e8fad1-b7d4-4b74-b8e8-197358737909.]]>
        <![CDATA[Collection name: Mtool_Sanity_Multi_Array_No_QOS.]]>
        <![CDATA[Request name: Add listener2.]]>
        <![CDATA[Test description: User updated .]]>
        <![CDATA[Error message: expected { Object (id, _details, ...) } to have property 'code'.]]>
        <![CDATA[Stacktrace: AssertionError: expected { Object (id, _details, ...) } to have property 'code'
   at Object.eval sandbox-script.js:1:19).]]>
      </failure>
    </testcase>
  </testsuite>
  <testsuite name="List Susbsystem" id="c2ad0b34-2f17-424a-b714-bdeb19f75538" timestamp="2022-08-22T19:10:05.970Z" tests="1" failures="1" errors="1" time="0.000">
    <system-err><![CDATA[Iteration: 0
RequestError: Error: connect ECONNREFUSED 127.0.0.1:5000
    at TCPConnectWrap.afterConnect [as oncomplete] (net.js:1148:16)

---
]]></system-err>
    <testcase name="User updated " time="0.000" classname="MtoolSanityMultiArrayNoQos">
      <failure type="AssertionFailure" message="expected { Object (id, _details, ...) } to have property 'code'">
        <![CDATA[Failed 1 times.]]>
        <![CDATA[Collection JSON ID: c9e8fad1-b7d4-4b74-b8e8-197358737909.]]>
        <![CDATA[Collection name: Mtool_Sanity_Multi_Array_No_QOS.]]>
        <![CDATA[Request name: List Susbsystem.]]>
        <![CDATA[Test description: User updated .]]>
        <![CDATA[Error message: expected { Object (id, _details, ...) } to have property 'code'.]]>
        <![CDATA[Stacktrace: AssertionError: expected { Object (id, _details, ...) } to have property 'code'
   at Object.eval sandbox-script.js:1:20).]]>
      </failure>
    </testcase>
  </testsuite>
  <testsuite name="Get Arrays" id="7202f3e8-e3e4-48d4-a3cb-4e481f272f26" timestamp="2022-08-22T19:10:05.970Z" tests="1" failures="1" errors="2" time="0.000">
    <system-err><![CDATA[Iteration: 0
RequestError: Error: connect ECONNREFUSED 127.0.0.1:5000
    at TCPConnectWrap.afterConnect [as oncomplete] (net.js:1148:16)

---
testScriptError: Unexpected token u in JSON at position 0
---
]]></system-err>
    <testcase name="Array Info is retrieved..." time="0.000" classname="MtoolSanityMultiArrayNoQos">
      <failure type="AssertionFailure" message="expected { Object (id, _details, ...) } to have property 'code'">
        <![CDATA[Failed 1 times.]]>
        <![CDATA[Collection JSON ID: c9e8fad1-b7d4-4b74-b8e8-197358737909.]]>
        <![CDATA[Collection name: Mtool_Sanity_Multi_Array_No_QOS.]]>
        <![CDATA[Request name: Get Arrays.]]>
        <![CDATA[Test description: Array Info is retrieved....]]>
        <![CDATA[Error message: expected { Object (id, _details, ...) } to have property 'code'.]]>
        <![CDATA[Stacktrace: AssertionError: expected { Object (id, _details, ...) } to have property 'code'
   at Object.eval sandbox-script.js:1:21).]]>
      </failure>
    </testcase>
  </testsuite>
  <testsuite name="remove spare disk in 1st array" id="4bb91241-b3b8-47a7-8175-876e557ab3bd" timestamp="2022-08-22T19:10:05.970Z" tests="1" failures="1" errors="2" time="0.000">
    <system-err><![CDATA[Iteration: 0
RequestError: Error: connect ECONNREFUSED 127.0.0.1:5000
    at TCPConnectWrap.afterConnect [as oncomplete] (net.js:1148:16)

---
testScriptError: Unexpected token u in JSON at position 0
---
]]></system-err>
    <testcase name="Response code " time="0.000" classname="MtoolSanityMultiArrayNoQos">
      <failure type="AssertionFailure" message="expected { Object (id, _details, ...) } to have property 'code'">
        <![CDATA[Failed 1 times.]]>
        <![CDATA[Collection JSON ID: c9e8fad1-b7d4-4b74-b8e8-197358737909.]]>
        <![CDATA[Collection name: Mtool_Sanity_Multi_Array_No_QOS.]]>
        <![CDATA[Request name: remove spare disk in 1st array.]]>
        <![CDATA[Test description: Response code .]]>
        <![CDATA[Error message: expected { Object (id, _details, ...) } to have property 'code'.]]>
        <![CDATA[Stacktrace: AssertionError: expected { Object (id, _details, ...) } to have property 'code'
   at Object.eval sandbox-script.js:1:22).]]>
      </failure>
    </testcase>
  </testsuite>
  <testsuite name="remove spare disk in 2nd array" id="5c42ba10-9dd9-428c-9857-d40835c42ec1" timestamp="2022-08-22T19:10:05.970Z" tests="1" failures="1" errors="2" time="0.000">
    <system-err><![CDATA[Iteration: 0
RequestError: Error: connect ECONNREFUSED 127.0.0.1:5000
    at TCPConnectWrap.afterConnect [as oncomplete] (net.js:1148:16)

---
testScriptError: Unexpected token u in JSON at position 0
---
]]></system-err>
    <testcase name="Response code " time="0.000" classname="MtoolSanityMultiArrayNoQos">
      <failure type="AssertionFailure" message="expected { Object (id, _details, ...) } to have property 'code'">
        <![CDATA[Failed 1 times.]]>
        <![CDATA[Collection JSON ID: c9e8fad1-b7d4-4b74-b8e8-197358737909.]]>
        <![CDATA[Collection name: Mtool_Sanity_Multi_Array_No_QOS.]]>
        <![CDATA[Request name: remove spare disk in 2nd array.]]>
        <![CDATA[Test description: Response code .]]>
        <![CDATA[Error message: expected { Object (id, _details, ...) } to have property 'code'.]]>
        <![CDATA[Stacktrace: AssertionError: expected { Object (id, _details, ...) } to have property 'code'
   at Object.eval sandbox-script.js:1:23).]]>
      </failure>
    </testcase>
  </testsuite>
  <testsuite name="add spare disk in 1st array" id="5eef7d13-f962-4201-9bb6-c424025ceab1" timestamp="2022-08-22T19:10:05.970Z" tests="1" failures="1" errors="2" time="0.000">
    <system-err><![CDATA[Iteration: 0
RequestError: Error: connect ECONNREFUSED 127.0.0.1:5000
    at TCPConnectWrap.afterConnect [as oncomplete] (net.js:1148:16)

---
testScriptError: Unexpected token u in JSON at position 0
---
]]></system-err>
    <testcase name="Response code " time="0.000" classname="MtoolSanityMultiArrayNoQos">
      <failure type="AssertionFailure" message="expected { Object (id, _details, ...) } to have property 'code'">
        <![CDATA[Failed 1 times.]]>
        <![CDATA[Collection JSON ID: c9e8fad1-b7d4-4b74-b8e8-197358737909.]]>
        <![CDATA[Collection name: Mtool_Sanity_Multi_Array_No_QOS.]]>
        <![CDATA[Request name: add spare disk in 1st array.]]>
        <![CDATA[Test description: Response code .]]>
        <![CDATA[Error message: expected { Object (id, _details, ...) } to have property 'code'.]]>
        <![CDATA[Stacktrace: AssertionError: expected { Object (id, _details, ...) } to have property 'code'
   at Object.eval sandbox-script.js:1:24).]]>
      </failure>
    </testcase>
  </testsuite>
  <testsuite name="add spare disk in 2nd array" id="9edb0a93-0e18-49e9-a3b0-ba95120d2481" timestamp="2022-08-22T19:10:05.970Z" tests="1" failures="1" errors="2" time="0.000">
    <system-err><![CDATA[Iteration: 0
RequestError: Error: connect ECONNREFUSED 127.0.0.1:5000
    at TCPConnectWrap.afterConnect [as oncomplete] (net.js:1148:16)

---
testScriptError: Unexpected token u in JSON at position 0
---
]]></system-err>
    <testcase name="Response code " time="0.000" classname="MtoolSanityMultiArrayNoQos">
      <failure type="AssertionFailure" message="expected { Object (id, _details, ...) } to have property 'code'">
        <![CDATA[Failed 1 times.]]>
        <![CDATA[Collection JSON ID: c9e8fad1-b7d4-4b74-b8e8-197358737909.]]>
        <![CDATA[Collection name: Mtool_Sanity_Multi_Array_No_QOS.]]>
        <![CDATA[Request name: add spare disk in 2nd array.]]>
        <![CDATA[Test description: Response code .]]>
        <![CDATA[Error message: expected { Object (id, _details, ...) } to have property 'code'.]]>
        <![CDATA[Stacktrace: AssertionError: expected { Object (id, _details, ...) } to have property 'code'
   at Object.eval sandbox-script.js:1:25).]]>
      </failure>
    </testcase>
  </testsuite>
  <testsuite name="Create 3 Volume in 1st array" id="00162b0f-4e30-4850-8f65-806be42ff07b" timestamp="2022-08-22T19:10:05.970Z" tests="1" failures="1" errors="1" time="0.000">
    <system-err><![CDATA[Iteration: 0
RequestError: Error: connect ECONNREFUSED 127.0.0.1:5000
    at TCPConnectWrap.afterConnect [as oncomplete] (net.js:1148:16)

---
]]></system-err>
    <testcase name="Volume created..." time="0.000" classname="MtoolSanityMultiArrayNoQos">
      <failure type="AssertionFailure" message="expected { Object (id, _details, ...) } to have property 'code'">
        <![CDATA[Failed 1 times.]]>
        <![CDATA[Collection JSON ID: c9e8fad1-b7d4-4b74-b8e8-197358737909.]]>
        <![CDATA[Collection name: Mtool_Sanity_Multi_Array_No_QOS.]]>
        <![CDATA[Request name: Create 3 Volume in 1st array.]]>
        <![CDATA[Test description: Volume created....]]>
        <![CDATA[Error message: expected { Object (id, _details, ...) } to have property 'code'.]]>
        <![CDATA[Stacktrace: AssertionError: expected { Object (id, _details, ...) } to have property 'code'
   at Object.eval sandbox-script.js:1:26).]]>
      </failure>
    </testcase>
  </testsuite>
  <testsuite name="Create single Volume in 1st array" id="01458056-f720-4a6c-87a3-14de56aeb814" timestamp="2022-08-22T19:10:05.970Z" tests="1" failures="1" errors="1" time="0.000">
    <system-err><![CDATA[Iteration: 0
RequestError: Error: connect ECONNREFUSED 127.0.0.1:5000
    at TCPConnectWrap.afterConnect [as oncomplete] (net.js:1148:16)

---
]]></system-err>
    <testcase name="Volume created..." time="0.000" classname="MtoolSanityMultiArrayNoQos">
      <failure type="AssertionFailure" message="expected { Object (id, _details, ...) } to have property 'code'">
        <![CDATA[Failed 1 times.]]>
        <![CDATA[Collection JSON ID: c9e8fad1-b7d4-4b74-b8e8-197358737909.]]>
        <![CDATA[Collection name: Mtool_Sanity_Multi_Array_No_QOS.]]>
        <![CDATA[Request name: Create single Volume in 1st array.]]>
        <![CDATA[Test description: Volume created....]]>
        <![CDATA[Error message: expected { Object (id, _details, ...) } to have property 'code'.]]>
        <![CDATA[Stacktrace: AssertionError: expected { Object (id, _details, ...) } to have property 'code'
   at Object.eval sandbox-script.js:1:27).]]>
      </failure>
    </testcase>
  </testsuite>
  <testsuite name="Get Volumes of 1st array" id="4c2c21ab-b9cd-4187-9414-a320342e0f8b" timestamp="2022-08-22T19:10:05.970Z" tests="2" failures="2" errors="1" time="0.000">
    <system-err><![CDATA[Iteration: 0
RequestError: Error: connect ECONNREFUSED 127.0.0.1:5000
    at TCPConnectWrap.afterConnect [as oncomplete] (net.js:1148:16)

---
]]></system-err>
    <testcase name="Get Volume data is successful..." time="0.000" classname="MtoolSanityMultiArrayNoQos">
      <failure type="AssertionFailure" message="expected { Object (id, _details, ...) } to have property 'code'">
        <![CDATA[Failed 1 times.]]>
        <![CDATA[Collection JSON ID: c9e8fad1-b7d4-4b74-b8e8-197358737909.]]>
        <![CDATA[Collection name: Mtool_Sanity_Multi_Array_No_QOS.]]>
        <![CDATA[Request name: Get Volumes of 1st array.]]>
        <![CDATA[Test description: Get Volume data is successful....]]>
        <![CDATA[Error message: expected { Object (id, _details, ...) } to have property 'code'.]]>
        <![CDATA[Stacktrace: AssertionError: expected { Object (id, _details, ...) } to have property 'code'
   at Object.eval sandbox-script.js:1:28).]]>
      </failure>
    </testcase>
    <testcase name="Verify volume count" time="0.000" classname="MtoolSanityMultiArrayNoQos">
      <failure type="AssertionFailure" message="Unexpected token u in JSON at position 0">
        <![CDATA[Failed 1 times.]]>
        <![CDATA[Collection JSON ID: c9e8fad1-b7d4-4b74-b8e8-197358737909.]]>
        <![CDATA[Collection name: Mtool_Sanity_Multi_Array_No_QOS.]]>
        <![CDATA[Request name: Get Volumes of 1st array.]]>
        <![CDATA[Test description: Verify volume count.]]>
        <![CDATA[Error message: Unexpected token u in JSON at position 0.]]>
        <![CDATA[Stacktrace: JSONError: Unexpected token u in JSON at position 0
   at Object.eval sandbox-script.js:2:28).]]>
      </failure>
    </testcase>
  </testsuite>
  <testsuite name="cpu_graph" id="b7615898-614c-4c12-b789-373017a15fa8" timestamp="2022-08-22T19:10:05.970Z" tests="1" failures="1" errors="1" time="0.000">
    <system-err><![CDATA[Iteration: 0
RequestError: Error: connect ECONNREFUSED 127.0.0.1:5000
    at TCPConnectWrap.afterConnect [as oncomplete] (net.js:1148:16)

---
]]></system-err>
    <testcase name="Data received " time="0.000" classname="MtoolSanityMultiArrayNoQos">
      <failure type="AssertionFailure" message="expected { Object (id, _details, ...) } to have property 'code'">
        <![CDATA[Failed 1 times.]]>
        <![CDATA[Collection JSON ID: c9e8fad1-b7d4-4b74-b8e8-197358737909.]]>
        <![CDATA[Collection name: Mtool_Sanity_Multi_Array_No_QOS.]]>
        <![CDATA[Request name: cpu_graph.]]>
        <![CDATA[Test description: Data received .]]>
        <![CDATA[Error message: expected { Object (id, _details, ...) } to have property 'code'.]]>
        <![CDATA[Stacktrace: AssertionError: expected { Object (id, _details, ...) } to have property 'code'
   at Object.eval sandbox-script.js:1:29).]]>
      </failure>
    </testcase>
  </testsuite>
  <testsuite name="array_bw_read" id="b0016bd2-df90-4871-91e0-4691b9adc736" timestamp="2022-08-22T19:10:05.970Z" tests="1" failures="1" errors="1" time="0.000">
    <system-err><![CDATA[Iteration: 0
RequestError: Error: connect ECONNREFUSED 127.0.0.1:5000
    at TCPConnectWrap.afterConnect [as oncomplete] (net.js:1148:16)

---
]]></system-err>
    <testcase name="Data received" time="0.000" classname="MtoolSanityMultiArrayNoQos">
      <failure type="AssertionFailure" message="expected { Object (id, _details, ...) } to have property 'code'">
        <![CDATA[Failed 1 times.]]>
        <![CDATA[Collection JSON ID: c9e8fad1-b7d4-4b74-b8e8-197358737909.]]>
        <![CDATA[Collection name: Mtool_Sanity_Multi_Array_No_QOS.]]>
        <![CDATA[Request name: array_bw_read.]]>
        <![CDATA[Test description: Data received.]]>
        <![CDATA[Error message: expected { Object (id, _details, ...) } to have property 'code'.]]>
        <![CDATA[Stacktrace: AssertionError: expected { Object (id, _details, ...) } to have property 'code'
   at Object.eval sandbox-script.js:1:30).]]>
      </failure>
    </testcase>
  </testsuite>
  <testsuite name="Delete User" id="947ac022-c66b-43bb-87ee-fa5352c36cf0" timestamp="2022-08-22T19:10:05.970Z" tests="1" failures="1" errors="1" time="0.000">
    <system-err><![CDATA[Iteration: 0
RequestError: Error: connect ECONNREFUSED 127.0.0.1:5000
    at TCPConnectWrap.afterConnect [as oncomplete] (net.js:1148:16)

---
]]></system-err>
    <testcase name="User deleted" time="0.000" classname="MtoolSanityMultiArrayNoQos">
      <failure type="AssertionFailure" message="expected { Object (id, _details, ...) } to have property 'code'">
        <![CDATA[Failed 1 times.]]>
        <![CDATA[Collection JSON ID: c9e8fad1-b7d4-4b74-b8e8-197358737909.]]>
        <![CDATA[Collection name: Mtool_Sanity_Multi_Array_No_QOS.]]>
        <![CDATA[Request name: Delete User.]]>
        <![CDATA[Test description: User deleted.]]>
        <![CDATA[Error message: expected { Object (id, _details, ...) } to have property 'code'.]]>
        <![CDATA[Stacktrace: AssertionError: expected { Object (id, _details, ...) } to have property 'code'
   at Object.eval sandbox-script.js:1:31).]]>
      </failure>
    </testcase>
  </testsuite>
  <testsuite name="Add Custom Admin User" id="c38593b9-46e5-4b9c-97de-44a126017ef6" timestamp="2022-08-22T19:10:05.970Z" tests="0" failures="0" errors="1" time="0.000">
    <system-err><![CDATA[Iteration: 0
RequestError: Error: connect ECONNREFUSED 127.0.0.1:5000
    at TCPConnectWrap.afterConnect [as oncomplete] (net.js:1148:16)

---
]]></system-err>
  </testsuite>
  <testsuite name="Update user" id="d51f69ea-b320-4af6-b38c-2061bea3ee90" timestamp="2022-08-22T19:10:05.970Z" tests="1" failures="1" errors="1" time="0.000">
    <system-err><![CDATA[Iteration: 0
RequestError: Error: connect ECONNREFUSED 127.0.0.1:5000
    at TCPConnectWrap.afterConnect [as oncomplete] (net.js:1148:16)

---
]]></system-err>
    <testcase name="User updated " time="0.000" classname="MtoolSanityMultiArrayNoQos">
      <failure type="AssertionFailure" message="expected { Object (id, _details, ...) } to have property 'code'">
        <![CDATA[Failed 1 times.]]>
        <![CDATA[Collection JSON ID: c9e8fad1-b7d4-4b74-b8e8-197358737909.]]>
        <![CDATA[Collection name: Mtool_Sanity_Multi_Array_No_QOS.]]>
        <![CDATA[Request name: Update user.]]>
        <![CDATA[Test description: User updated .]]>
        <![CDATA[Error message: expected { Object (id, _details, ...) } to have property 'code'.]]>
        <![CDATA[Stacktrace: AssertionError: expected { Object (id, _details, ...) } to have property 'code'
   at Object.eval sandbox-script.js:1:33).]]>
      </failure>
    </testcase>
  </testsuite>
  <testsuite name="Login as Custom Admin user" id="3e3118e4-6a83-4c97-b5e1-e69c2ec9a373" timestamp="2022-08-22T19:10:05.970Z" tests="0" failures="0" errors="2" time="0.000">
    <system-err><![CDATA[Iteration: 0
RequestError: Error: connect ECONNREFUSED 127.0.0.1:5000
    at TCPConnectWrap.afterConnect [as oncomplete] (net.js:1148:16)

---
testScriptError: Unexpected token u in JSON at position 0
---
]]></system-err>
  </testsuite>
  <testsuite name="Get Users" id="ec1a1344-cc83-4700-9ba0-41e4971b3b83" timestamp="2022-08-22T19:10:05.970Z" tests="2" failures="2" errors="1" time="0.000">
    <system-err><![CDATA[Iteration: 0
RequestError: Error: connect ECONNREFUSED 127.0.0.1:5000
    at TCPConnectWrap.afterConnect [as oncomplete] (net.js:1148:16)

---
]]></system-err>
    <testcase name="Received Users" time="0.000" classname="MtoolSanityMultiArrayNoQos">
      <failure type="AssertionFailure" message="expected { Object (id, _details, ...) } to have property 'code'">
        <![CDATA[Failed 1 times.]]>
        <![CDATA[Collection JSON ID: c9e8fad1-b7d4-4b74-b8e8-197358737909.]]>
        <![CDATA[Collection name: Mtool_Sanity_Multi_Array_No_QOS.]]>
        <![CDATA[Request name: Get Users.]]>
        <![CDATA[Test description: Received Users.]]>
        <![CDATA[Error message: expected { Object (id, _details, ...) } to have property 'code'.]]>
        <![CDATA[Stacktrace: AssertionError: expected { Object (id, _details, ...) } to have property 'code'
   at Object.eval sandbox-script.js:1:35).]]>
      </failure>
    </testcase>
    <testcase name="Verify user count" time="0.000" classname="MtoolSanityMultiArrayNoQos">
      <failure type="AssertionFailure" message="Unexpected token u in JSON at position 0">
        <![CDATA[Failed 1 times.]]>
        <![CDATA[Collection JSON ID: c9e8fad1-b7d4-4b74-b8e8-197358737909.]]>
        <![CDATA[Collection name: Mtool_Sanity_Multi_Array_No_QOS.]]>
        <![CDATA[Request name: Get Users.]]>
        <![CDATA[Test description: Verify user count.]]>
        <![CDATA[Error message: Unexpected token u in JSON at position 0.]]>
        <![CDATA[Stacktrace: JSONError: Unexpected token u in JSON at position 0
   at Object.eval sandbox-script.js:2:35).]]>
      </failure>
    </testcase>
  </testsuite>
  <testsuite name="Array Based Perf" id="f3e32770-d8a5-456f-a62f-84f3ee8dea17" timestamp="2022-08-22T19:10:05.970Z" tests="1" failures="1" errors="1" time="0.000">
    <system-err><![CDATA[Iteration: 0
RequestError: Error: connect ECONNREFUSED 127.0.0.1:5000
    at TCPConnectWrap.afterConnect [as oncomplete] (net.js:1148:16)

---
]]></system-err>
    <testcase name="Array Based Perf..." time="0.000" classname="MtoolSanityMultiArrayNoQos">
      <failure type="AssertionFailure" message="expected { Object (id, _details, ...) } to have property 'code'">
        <![CDATA[Failed 1 times.]]>
        <![CDATA[Collection JSON ID: c9e8fad1-b7d4-4b74-b8e8-197358737909.]]>
        <![CDATA[Collection name: Mtool_Sanity_Multi_Array_No_QOS.]]>
        <![CDATA[Request name: Array Based Perf.]]>
        <![CDATA[Test description: Array Based Perf....]]>
        <![CDATA[Error message: expected { Object (id, _details, ...) } to have property 'code'.]]>
        <![CDATA[Stacktrace: AssertionError: expected { Object (id, _details, ...) } to have property 'code'
   at Object.eval sandbox-script.js:1:36).]]>
      </failure>
    </testcase>
  </testsuite>
  <testsuite name="Get Smart Info" id="862d22f9-c8c6-408c-88db-94a878ba867a" timestamp="2022-08-22T19:10:05.970Z" tests="1" failures="1" errors="2" time="0.000">
    <system-err><![CDATA[Iteration: 0
RequestError: Error: connect ECONNREFUSED 127.0.0.1:5000
    at TCPConnectWrap.afterConnect [as oncomplete] (net.js:1148:16)

---
testScriptError: Unexpected token u in JSON at position 0
---
]]></system-err>
    <testcase name="Response code " time="0.000" classname="MtoolSanityMultiArrayNoQos">
      <failure type="AssertionFailure" message="expected { Object (id, _details, ...) } to have property 'code'">
        <![CDATA[Failed 1 times.]]>
        <![CDATA[Collection JSON ID: c9e8fad1-b7d4-4b74-b8e8-197358737909.]]>
        <![CDATA[Collection name: Mtool_Sanity_Multi_Array_No_QOS.]]>
        <![CDATA[Request name: Get Smart Info.]]>
        <![CDATA[Test description: Response code .]]>
        <![CDATA[Error message: expected { Object (id, _details, ...) } to have property 'code'.]]>
        <![CDATA[Stacktrace: AssertionError: expected { Object (id, _details, ...) } to have property 'code'
   at Object.eval sandbox-script.js:1:37).]]>
      </failure>
    </testcase>
  </testsuite>
  <testsuite name="Create 3 Volume in 2nd array" id="46e3049e-8fca-46ab-94a8-ff34feceda18" timestamp="2022-08-22T19:10:05.970Z" tests="1" failures="1" errors="1" time="0.000">
    <system-err><![CDATA[Iteration: 0
RequestError: Error: connect ECONNREFUSED 127.0.0.1:5000
    at TCPConnectWrap.afterConnect [as oncomplete] (net.js:1148:16)

---
]]></system-err>
    <testcase name="Volume created..." time="0.000" classname="MtoolSanityMultiArrayNoQos">
      <failure type="AssertionFailure" message="expected { Object (id, _details, ...) } to have property 'code'">
        <![CDATA[Failed 1 times.]]>
        <![CDATA[Collection JSON ID: c9e8fad1-b7d4-4b74-b8e8-197358737909.]]>
        <![CDATA[Collection name: Mtool_Sanity_Multi_Array_No_QOS.]]>
        <![CDATA[Request name: Create 3 Volume in 2nd array.]]>
        <![CDATA[Test description: Volume created....]]>
        <![CDATA[Error message: expected { Object (id, _details, ...) } to have property 'code'.]]>
        <![CDATA[Stacktrace: AssertionError: expected { Object (id, _details, ...) } to have property 'code'
   at Object.eval sandbox-script.js:1:38).]]>
      </failure>
    </testcase>
  </testsuite>
  <testsuite name="Create single Volume in 2nd array" id="ebbc61d4-108e-4be1-a50a-15f98b20527d" timestamp="2022-08-22T19:10:05.970Z" tests="1" failures="1" errors="1" time="0.000">
    <system-err><![CDATA[Iteration: 0
RequestError: Error: connect ECONNREFUSED 127.0.0.1:5000
    at TCPConnectWrap.afterConnect [as oncomplete] (net.js:1148:16)

---
]]></system-err>
    <testcase name="Volume created..." time="0.000" classname="MtoolSanityMultiArrayNoQos">
      <failure type="AssertionFailure" message="expected { Object (id, _details, ...) } to have property 'code'">
        <![CDATA[Failed 1 times.]]>
        <![CDATA[Collection JSON ID: c9e8fad1-b7d4-4b74-b8e8-197358737909.]]>
        <![CDATA[Collection name: Mtool_Sanity_Multi_Array_No_QOS.]]>
        <![CDATA[Request name: Create single Volume in 2nd array.]]>
        <![CDATA[Test description: Volume created....]]>
        <![CDATA[Error message: expected { Object (id, _details, ...) } to have property 'code'.]]>
        <![CDATA[Stacktrace: AssertionError: expected { Object (id, _details, ...) } to have property 'code'
   at Object.eval sandbox-script.js:1:39).]]>
      </failure>
    </testcase>
  </testsuite>
  <testsuite name="Get Volumes of 2nd array" id="230de89a-acb9-4050-adf7-8c068580330a" timestamp="2022-08-22T19:10:05.970Z" tests="2" failures="2" errors="1" time="0.000">
    <system-err><![CDATA[Iteration: 0
RequestError: Error: connect ECONNREFUSED 127.0.0.1:5000
    at TCPConnectWrap.afterConnect [as oncomplete] (net.js:1148:16)

---
]]></system-err>
    <testcase name="Get Volume data is successful..." time="0.000" classname="MtoolSanityMultiArrayNoQos">
      <failure type="AssertionFailure" message="expected { Object (id, _details, ...) } to have property 'code'">
        <![CDATA[Failed 1 times.]]>
        <![CDATA[Collection JSON ID: c9e8fad1-b7d4-4b74-b8e8-197358737909.]]>
        <![CDATA[Collection name: Mtool_Sanity_Multi_Array_No_QOS.]]>
        <![CDATA[Request name: Get Volumes of 2nd array.]]>
        <![CDATA[Test description: Get Volume data is successful....]]>
        <![CDATA[Error message: expected { Object (id, _details, ...) } to have property 'code'.]]>
        <![CDATA[Stacktrace: AssertionError: expected { Object (id, _details, ...) } to have property 'code'
   at Object.eval sandbox-script.js:1:40).]]>
      </failure>
    </testcase>
    <testcase name="Verify volume count" time="0.000" classname="MtoolSanityMultiArrayNoQos">
      <failure type="AssertionFailure" message="Unexpected token u in JSON at position 0">
        <![CDATA[Failed 1 times.]]>
        <![CDATA[Collection JSON ID: c9e8fad1-b7d4-4b74-b8e8-197358737909.]]>
        <![CDATA[Collection name: Mtool_Sanity_Multi_Array_No_QOS.]]>
        <![CDATA[Request name: Get Volumes of 2nd array.]]>
        <![CDATA[Test description: Verify volume count.]]>
        <![CDATA[Error message: Unexpected token u in JSON at position 0.]]>
        <![CDATA[Stacktrace: JSONError: Unexpected token u in JSON at position 0
   at Object.eval sandbox-script.js:2:40).]]>
      </failure>
    </testcase>
  </testsuite>
  <testsuite name="rename vol_arr1_0 in 1st array" id="bed204b0-b474-46cb-a5bc-2767cb63c193" timestamp="2022-08-22T19:10:05.970Z" tests="1" failures="1" errors="2" time="0.000">
    <system-err><![CDATA[Iteration: 0
RequestError: Error: connect ECONNREFUSED 127.0.0.1:5000
    at TCPConnectWrap.afterConnect [as oncomplete] (net.js:1148:16)

---
testScriptError: Unexpected token u in JSON at position 0
---
]]></system-err>
    <testcase name="Response code " time="0.000" classname="MtoolSanityMultiArrayNoQos">
      <failure type="AssertionFailure" message="expected { Object (id, _details, ...) } to have property 'code'">
        <![CDATA[Failed 1 times.]]>
        <![CDATA[Collection JSON ID: c9e8fad1-b7d4-4b74-b8e8-197358737909.]]>
        <![CDATA[Collection name: Mtool_Sanity_Multi_Array_No_QOS.]]>
        <![CDATA[Request name: rename vol_arr1_0 in 1st array.]]>
        <![CDATA[Test description: Response code .]]>
        <![CDATA[Error message: expected { Object (id, _details, ...) } to have property 'code'.]]>
        <![CDATA[Stacktrace: AssertionError: expected { Object (id, _details, ...) } to have property 'code'
   at Object.eval sandbox-script.js:1:41).]]>
      </failure>
    </testcase>
  </testsuite>
  <testsuite name="rename vol_arr2_0 in 2nd array" id="68dc9626-a039-45d7-858a-55a99a0bfc79" timestamp="2022-08-22T19:10:05.970Z" tests="1" failures="1" errors="2" time="0.000">
    <system-err><![CDATA[Iteration: 0
RequestError: Error: connect ECONNREFUSED 127.0.0.1:5000
    at TCPConnectWrap.afterConnect [as oncomplete] (net.js:1148:16)

---
testScriptError: Unexpected token u in JSON at position 0
---
]]></system-err>
    <testcase name="Response code " time="0.000" classname="MtoolSanityMultiArrayNoQos">
      <failure type="AssertionFailure" message="expected { Object (id, _details, ...) } to have property 'code'">
        <![CDATA[Failed 1 times.]]>
        <![CDATA[Collection JSON ID: c9e8fad1-b7d4-4b74-b8e8-197358737909.]]>
        <![CDATA[Collection name: Mtool_Sanity_Multi_Array_No_QOS.]]>
        <![CDATA[Request name: rename vol_arr2_0 in 2nd array.]]>
        <![CDATA[Test description: Response code .]]>
        <![CDATA[Error message: expected { Object (id, _details, ...) } to have property 'code'.]]>
        <![CDATA[Stacktrace: AssertionError: expected { Object (id, _details, ...) } to have property 'code'
   at Object.eval sandbox-script.js:1:42).]]>
      </failure>
    </testcase>
  </testsuite>
  <testsuite name="rename vol_arr1_0 Back in 1st array" id="4047f5bf-f3ef-4e5d-9b07-00361fb4d290" timestamp="2022-08-22T19:10:05.970Z" tests="1" failures="1" errors="2" time="0.000">
    <system-err><![CDATA[Iteration: 0
RequestError: Error: connect ECONNREFUSED 127.0.0.1:5000
    at TCPConnectWrap.afterConnect [as oncomplete] (net.js:1148:16)

---
testScriptError: Unexpected token u in JSON at position 0
---
]]></system-err>
    <testcase name="Response code " time="0.000" classname="MtoolSanityMultiArrayNoQos">
      <failure type="AssertionFailure" message="expected { Object (id, _details, ...) } to have property 'code'">
        <![CDATA[Failed 1 times.]]>
        <![CDATA[Collection JSON ID: c9e8fad1-b7d4-4b74-b8e8-197358737909.]]>
        <![CDATA[Collection name: Mtool_Sanity_Multi_Array_No_QOS.]]>
        <![CDATA[Request name: rename vol_arr1_0 Back in 1st array.]]>
        <![CDATA[Test description: Response code .]]>
        <![CDATA[Error message: expected { Object (id, _details, ...) } to have property 'code'.]]>
        <![CDATA[Stacktrace: AssertionError: expected { Object (id, _details, ...) } to have property 'code'
   at Object.eval sandbox-script.js:1:43).]]>
      </failure>
    </testcase>
  </testsuite>
  <testsuite name="rename vol_arr2_0 Back in 2nd array" id="64c310a6-7c3c-4c66-a8dc-6af68526f4ee" timestamp="2022-08-22T19:10:05.970Z" tests="1" failures="1" errors="2" time="0.000">
    <system-err><![CDATA[Iteration: 0
RequestError: Error: connect ECONNREFUSED 127.0.0.1:5000
    at TCPConnectWrap.afterConnect [as oncomplete] (net.js:1148:16)

---
testScriptError: Unexpected token u in JSON at position 0
---
]]></system-err>
    <testcase name="Response code " time="0.000" classname="MtoolSanityMultiArrayNoQos">
      <failure type="AssertionFailure" message="expected { Object (id, _details, ...) } to have property 'code'">
        <![CDATA[Failed 1 times.]]>
        <![CDATA[Collection JSON ID: c9e8fad1-b7d4-4b74-b8e8-197358737909.]]>
        <![CDATA[Collection name: Mtool_Sanity_Multi_Array_No_QOS.]]>
        <![CDATA[Request name: rename vol_arr2_0 Back in 2nd array.]]>
        <![CDATA[Test description: Response code .]]>
        <![CDATA[Error message: expected { Object (id, _details, ...) } to have property 'code'.]]>
        <![CDATA[Stacktrace: AssertionError: expected { Object (id, _details, ...) } to have property 'code'
   at Object.eval sandbox-script.js:1:44).]]>
      </failure>
    </testcase>
  </testsuite>
  <testsuite name="unmount vol_arr1_0 in 1st array" id="367a3c9f-a03b-4bed-98a3-6f615c4b1ad7" timestamp="2022-08-22T19:10:05.970Z" tests="1" failures="1" errors="2" time="0.000">
    <system-err><![CDATA[Iteration: 0
RequestError: Error: connect ECONNREFUSED 127.0.0.1:5000
    at TCPConnectWrap.afterConnect [as oncomplete] (net.js:1148:16)

---
testScriptError: Unexpected token u in JSON at position 0
---
]]></system-err>
    <testcase name="Volume updated..." time="0.000" classname="MtoolSanityMultiArrayNoQos">
      <failure type="AssertionFailure" message="expected { Object (id, _details, ...) } to have property 'code'">
        <![CDATA[Failed 1 times.]]>
        <![CDATA[Collection JSON ID: c9e8fad1-b7d4-4b74-b8e8-197358737909.]]>
        <![CDATA[Collection name: Mtool_Sanity_Multi_Array_No_QOS.]]>
        <![CDATA[Request name: unmount vol_arr1_0 in 1st array.]]>
        <![CDATA[Test description: Volume updated....]]>
        <![CDATA[Error message: expected { Object (id, _details, ...) } to have property 'code'.]]>
        <![CDATA[Stacktrace: AssertionError: expected { Object (id, _details, ...) } to have property 'code'
   at Object.eval sandbox-script.js:1:45).]]>
      </failure>
    </testcase>
  </testsuite>
  <testsuite name="unmount vol_arr2_0 in 2nd array" id="c3f49f1d-bdcb-463b-af5a-307bbbb3f065" timestamp="2022-08-22T19:10:05.970Z" tests="1" failures="1" errors="2" time="0.000">
    <system-err><![CDATA[Iteration: 0
RequestError: Error: connect ECONNREFUSED 127.0.0.1:5000
    at TCPConnectWrap.afterConnect [as oncomplete] (net.js:1148:16)

---
testScriptError: Unexpected token u in JSON at position 0
---
]]></system-err>
    <testcase name="Volume updated..." time="0.000" classname="MtoolSanityMultiArrayNoQos">
      <failure type="AssertionFailure" message="expected { Object (id, _details, ...) } to have property 'code'">
        <![CDATA[Failed 1 times.]]>
        <![CDATA[Collection JSON ID: c9e8fad1-b7d4-4b74-b8e8-197358737909.]]>
        <![CDATA[Collection name: Mtool_Sanity_Multi_Array_No_QOS.]]>
        <![CDATA[Request name: unmount vol_arr2_0 in 2nd array.]]>
        <![CDATA[Test description: Volume updated....]]>
        <![CDATA[Error message: expected { Object (id, _details, ...) } to have property 'code'.]]>
        <![CDATA[Stacktrace: AssertionError: expected { Object (id, _details, ...) } to have property 'code'
   at Object.eval sandbox-script.js:1:46).]]>
      </failure>
    </testcase>
  </testsuite>
  <testsuite name="mount vol_arr1_0 in 1st array" id="98865fd7-97ea-4574-bcf9-4178aa7f9739" timestamp="2022-08-22T19:10:05.970Z" tests="1" failures="1" errors="2" time="0.000">
    <system-err><![CDATA[Iteration: 0
RequestError: Error: connect ECONNREFUSED 127.0.0.1:5000
    at TCPConnectWrap.afterConnect [as oncomplete] (net.js:1148:16)

---
testScriptError: Unexpected token u in JSON at position 0
---
]]></system-err>
    <testcase name="Response code " time="0.000" classname="MtoolSanityMultiArrayNoQos">
      <failure type="AssertionFailure" message="expected { Object (id, _details, ...) } to have property 'code'">
        <![CDATA[Failed 1 times.]]>
        <![CDATA[Collection JSON ID: c9e8fad1-b7d4-4b74-b8e8-197358737909.]]>
        <![CDATA[Collection name: Mtool_Sanity_Multi_Array_No_QOS.]]>
        <![CDATA[Request name: mount vol_arr1_0 in 1st array.]]>
        <![CDATA[Test description: Response code .]]>
        <![CDATA[Error message: expected { Object (id, _details, ...) } to have property 'code'.]]>
        <![CDATA[Stacktrace: AssertionError: expected { Object (id, _details, ...) } to have property 'code'
   at Object.eval sandbox-script.js:1:47).]]>
      </failure>
    </testcase>
  </testsuite>
  <testsuite name="mount vol_arr2_0 in 2nd array" id="b6c4f685-ce93-4521-b978-6ed9455ce17c" timestamp="2022-08-22T19:10:05.970Z" tests="1" failures="1" errors="2" time="0.000">
    <system-err><![CDATA[Iteration: 0
RequestError: Error: connect ECONNREFUSED 127.0.0.1:5000
    at TCPConnectWrap.afterConnect [as oncomplete] (net.js:1148:16)

---
testScriptError: Unexpected token u in JSON at position 0
---
]]></system-err>
    <testcase name="Response code " time="0.000" classname="MtoolSanityMultiArrayNoQos">
      <failure type="AssertionFailure" message="expected { Object (id, _details, ...) } to have property 'code'">
        <![CDATA[Failed 1 times.]]>
        <![CDATA[Collection JSON ID: c9e8fad1-b7d4-4b74-b8e8-197358737909.]]>
        <![CDATA[Collection name: Mtool_Sanity_Multi_Array_No_QOS.]]>
        <![CDATA[Request name: mount vol_arr2_0 in 2nd array.]]>
        <![CDATA[Test description: Response code .]]>
        <![CDATA[Error message: expected { Object (id, _details, ...) } to have property 'code'.]]>
        <![CDATA[Stacktrace: AssertionError: expected { Object (id, _details, ...) } to have property 'code'
   at Object.eval sandbox-script.js:1:48).]]>
      </failure>
    </testcase>
  </testsuite>
  <testsuite name="Delete Volume in 1st array" id="a13cf823-091d-4ae2-b514-c21297f15625" timestamp="2022-08-22T19:10:05.970Z" tests="1" failures="1" errors="1" time="0.000">
    <system-err><![CDATA[Iteration: 0
RequestError: Error: connect ECONNREFUSED 127.0.0.1:5000
    at TCPConnectWrap.afterConnect [as oncomplete] (net.js:1148:16)

---
]]></system-err>
    <testcase name="Delete volume successful..." time="0.000" classname="MtoolSanityMultiArrayNoQos">
      <failure type="AssertionFailure" message="expected { Object (id, _details, ...) } to have property 'code'">
        <![CDATA[Failed 1 times.]]>
        <![CDATA[Collection JSON ID: c9e8fad1-b7d4-4b74-b8e8-197358737909.]]>
        <![CDATA[Collection name: Mtool_Sanity_Multi_Array_No_QOS.]]>
        <![CDATA[Request name: Delete Volume in 1st array.]]>
        <![CDATA[Test description: Delete volume successful....]]>
        <![CDATA[Error message: expected { Object (id, _details, ...) } to have property 'code'.]]>
        <![CDATA[Stacktrace: AssertionError: expected { Object (id, _details, ...) } to have property 'code'
   at Object.eval sandbox-script.js:1:49).]]>
      </failure>
    </testcase>
  </testsuite>
  <testsuite name="Delete Volume in 2nd array" id="69ffae53-e1ce-457f-a47a-38add8ff21c3" timestamp="2022-08-22T19:10:05.970Z" tests="1" failures="1" errors="1" time="0.000">
    <system-err><![CDATA[Iteration: 0
RequestError: Error: connect ECONNREFUSED 127.0.0.1:5000
    at TCPConnectWrap.afterConnect [as oncomplete] (net.js:1148:16)

---
]]></system-err>
    <testcase name="Delete volume successful..." time="0.000" classname="MtoolSanityMultiArrayNoQos">
      <failure type="AssertionFailure" message="expected { Object (id, _details, ...) } to have property 'code'">
        <![CDATA[Failed 1 times.]]>
        <![CDATA[Collection JSON ID: c9e8fad1-b7d4-4b74-b8e8-197358737909.]]>
        <![CDATA[Collection name: Mtool_Sanity_Multi_Array_No_QOS.]]>
        <![CDATA[Request name: Delete Volume in 2nd array.]]>
        <![CDATA[Test description: Delete volume successful....]]>
        <![CDATA[Error message: expected { Object (id, _details, ...) } to have property 'code'.]]>
        <![CDATA[Stacktrace: AssertionError: expected { Object (id, _details, ...) } to have property 'code'
   at Object.eval sandbox-script.js:1:50).]]>
      </failure>
    </testcase>
  </testsuite>
  <testsuite name="Get get_all_volumes" id="b62bc28f-c378-440e-969e-29410e835cfe" timestamp="2022-08-22T19:10:05.970Z" tests="1" failures="1" errors="1" time="0.000">
    <system-err><![CDATA[Iteration: 0
RequestError: Error: connect ECONNREFUSED 127.0.0.1:5000
    at TCPConnectWrap.afterConnect [as oncomplete] (net.js:1148:16)

---
]]></system-err>
    <testcase name="Get Volume data is successful..." time="0.000" classname="MtoolSanityMultiArrayNoQos">
      <failure type="AssertionFailure" message="expected { Object (id, _details, ...) } to have property 'code'">
        <![CDATA[Failed 1 times.]]>
        <![CDATA[Collection JSON ID: c9e8fad1-b7d4-4b74-b8e8-197358737909.]]>
        <![CDATA[Collection name: Mtool_Sanity_Multi_Array_No_QOS.]]>
        <![CDATA[Request name: Get get_all_volumes.]]>
        <![CDATA[Test description: Get Volume data is successful....]]>
        <![CDATA[Error message: expected { Object (id, _details, ...) } to have property 'code'.]]>
        <![CDATA[Stacktrace: AssertionError: expected { Object (id, _details, ...) } to have property 'code'
   at Object.eval sandbox-script.js:1:51).]]>
      </failure>
    </testcase>
  </testsuite>
  <testsuite name="unmount 1st array" id="945c2a74-1c07-4116-b695-4b5af7e55350" timestamp="2022-08-22T19:10:05.970Z" tests="0" failures="0" errors="1" time="0.000">
    <system-err><![CDATA[Iteration: 0
RequestError: Error: connect ECONNREFUSED 127.0.0.1:5000
    at TCPConnectWrap.afterConnect [as oncomplete] (net.js:1148:16)

---
]]></system-err>
  </testsuite>
  <testsuite name="unmount 2nd array" id="43f11677-0a3a-4a21-bd45-c9fd05fb3bd8" timestamp="2022-08-22T19:10:05.970Z" tests="0" failures="0" errors="1" time="0.000">
    <system-err><![CDATA[Iteration: 0
RequestError: Error: connect ECONNREFUSED 127.0.0.1:5000
    at TCPConnectWrap.afterConnect [as oncomplete] (net.js:1148:16)

---
]]></system-err>
  </testsuite>
  <testsuite name="mount 1st array" id="4eda978a-2c1e-4e5e-8439-a4f5a447aa03" timestamp="2022-08-22T19:10:05.970Z" tests="0" failures="0" errors="1" time="0.000">
    <system-err><![CDATA[Iteration: 0
RequestError: Error: connect ECONNREFUSED 127.0.0.1:5000
    at TCPConnectWrap.afterConnect [as oncomplete] (net.js:1148:16)

---
]]></system-err>
  </testsuite>
  <testsuite name="mount 2nd array" id="a1f0f905-8ce0-4ea6-a79c-7ca0f2f06fd1" timestamp="2022-08-22T19:10:05.970Z" tests="0" failures="0" errors="1" time="0.000">
    <system-err><![CDATA[Iteration: 0
RequestError: Error: connect ECONNREFUSED 127.0.0.1:5000
    at TCPConnectWrap.afterConnect [as oncomplete] (net.js:1148:16)

---
]]></system-err>
  </testsuite>
  <testsuite name="Delete Subsystem" id="2b6edcc0-407c-4633-852b-dae9104bbdda" timestamp="2022-08-22T19:10:05.970Z" tests="1" failures="1" errors="1" time="0.000">
    <system-err><![CDATA[Iteration: 0
RequestError: Error: connect ECONNREFUSED 127.0.0.1:5000
    at TCPConnectWrap.afterConnect [as oncomplete] (net.js:1148:16)

---
]]></system-err>
    <testcase name="User updated " time="0.000" classname="MtoolSanityMultiArrayNoQos">
      <failure type="AssertionFailure" message="expected { Object (id, _details, ...) } to have property 'code'">
        <![CDATA[Failed 1 times.]]>
        <![CDATA[Collection JSON ID: c9e8fad1-b7d4-4b74-b8e8-197358737909.]]>
        <![CDATA[Collection name: Mtool_Sanity_Multi_Array_No_QOS.]]>
        <![CDATA[Request name: Delete Subsystem.]]>
        <![CDATA[Test description: User updated .]]>
        <![CDATA[Error message: expected { Object (id, _details, ...) } to have property 'code'.]]>
        <![CDATA[Stacktrace: AssertionError: expected { Object (id, _details, ...) } to have property 'code'
   at Object.eval sandbox-script.js:1:56).]]>
      </failure>
    </testcase>
  </testsuite>
  <testsuite name="logout" id="9b73052f-c9d9-433b-b830-fe0399b0d84c" timestamp="2022-08-22T19:10:05.970Z" tests="0" failures="0" errors="2" time="0.000">
    <system-err><![CDATA[Iteration: 0
RequestError: Error: connect ECONNREFUSED 127.0.0.1:5000
    at TCPConnectWrap.afterConnect [as oncomplete] (net.js:1148:16)

---
testScriptError: Unexpected token u in JSON at position 0
---
]]></system-err>
  </testsuite>
</testsuites>